INFO - 2023-10-27 05:08:34 --> Session: Class initialized using 'CodeIgniter\Session\Handlers\FileHandler' driver.
INFO - 2023-10-27 05:08:47 --> Session: Class initialized using 'CodeIgniter\Session\Handlers\FileHandler' driver.
INFO - 2023-10-27 05:08:57 --> Session: Class initialized using 'CodeIgniter\Session\Handlers\FileHandler' driver.
CRITICAL - 2023-10-27 05:09:02 --> Undefined variable: validation
in APPPATH\Views\pages\buku\update.php on line 13.
 1 APPPATH\Views\pages\buku\update.php(13): CodeIgniter\Debug\Exceptions->errorHandler(8, 'Undefined variable: validation', 'C:\\xampp\\htdocs\\pustaka-booking\\app\\Views\\pages\\buku\\update.php', 13, [...])
 2 SYSTEMPATH\View\View.php(226): include('C:\\xampp\\htdocs\\pustaka-booking\\app\\Views\\pages\\buku\\update.php')
 3 SYSTEMPATH\View\View.php(229): CodeIgniter\View\View->CodeIgniter\View\{closure}()
 4 SYSTEMPATH\Common.php(1188): CodeIgniter\View\View->render('pages/buku/update', [], true)
 5 APPPATH\Controllers\Buku.php(112): view('pages/buku/update', [...])
 6 SYSTEMPATH\CodeIgniter.php(919): App\Controllers\Buku->ubah('1')
 7 SYSTEMPATH\CodeIgniter.php(494): CodeIgniter\CodeIgniter->runController(Object(App\Controllers\Buku))
 8 SYSTEMPATH\CodeIgniter.php(353): CodeIgniter\CodeIgniter->handleRequest(null, Object(Config\Cache), false)
 9 FCPATH\index.php(79): CodeIgniter\CodeIgniter->run()
10 SYSTEMPATH\Commands\Server\rewrite.php(47): require_once('C:\\xampp\\htdocs\\pustaka-booking\\public\\index.php')
INFO - 2023-10-27 05:09:12 --> Session: Class initialized using 'CodeIgniter\Session\Handlers\FileHandler' driver.
INFO - 2023-10-27 05:10:36 --> Session: Class initialized using 'CodeIgniter\Session\Handlers\FileHandler' driver.
INFO - 2023-10-27 05:10:37 --> Session: Class initialized using 'CodeIgniter\Session\Handlers\FileHandler' driver.
INFO - 2023-10-27 05:10:44 --> Session: Class initialized using 'CodeIgniter\Session\Handlers\FileHandler' driver.
INFO - 2023-10-27 05:10:52 --> Session: Class initialized using 'CodeIgniter\Session\Handlers\FileHandler' driver.
INFO - 2023-10-27 05:11:12 --> Session: Class initialized using 'CodeIgniter\Session\Handlers\FileHandler' driver.
INFO - 2023-10-27 05:11:12 --> Session: Class initialized using 'CodeIgniter\Session\Handlers\FileHandler' driver.
INFO - 2023-10-27 05:11:21 --> Session: Class initialized using 'CodeIgniter\Session\Handlers\FileHandler' driver.
INFO - 2023-10-27 05:13:16 --> Session: Class initialized using 'CodeIgniter\Session\Handlers\FileHandler' driver.
INFO - 2023-10-27 05:13:42 --> Session: Class initialized using 'CodeIgniter\Session\Handlers\FileHandler' driver.
INFO - 2023-10-27 05:13:42 --> Session: Class initialized using 'CodeIgniter\Session\Handlers\FileHandler' driver.
INFO - 2023-10-27 05:14:37 --> Session: Class initialized using 'CodeIgniter\Session\Handlers\FileHandler' driver.
INFO - 2023-10-27 05:14:56 --> Session: Class initialized using 'CodeIgniter\Session\Handlers\FileHandler' driver.
INFO - 2023-10-27 05:14:56 --> Session: Class initialized using 'CodeIgniter\Session\Handlers\FileHandler' driver.
INFO - 2023-10-27 05:16:52 --> Session: Class initialized using 'CodeIgniter\Session\Handlers\FileHandler' driver.
INFO - 2023-10-27 05:17:01 --> Session: Class initialized using 'CodeIgniter\Session\Handlers\FileHandler' driver.
INFO - 2023-10-27 05:17:04 --> Session: Class initialized using 'CodeIgniter\Session\Handlers\FileHandler' driver.
INFO - 2023-10-27 05:17:09 --> Session: Class initialized using 'CodeIgniter\Session\Handlers\FileHandler' driver.
INFO - 2023-10-27 05:18:02 --> Session: Class initialized using 'CodeIgniter\Session\Handlers\FileHandler' driver.
INFO - 2023-10-27 05:18:02 --> Session: Class initialized using 'CodeIgniter\Session\Handlers\FileHandler' driver.
INFO - 2023-10-27 05:18:43 --> Session: Class initialized using 'CodeIgniter\Session\Handlers\FileHandler' driver.
INFO - 2023-10-27 05:18:44 --> Session: Class initialized using 'CodeIgniter\Session\Handlers\FileHandler' driver.
INFO - 2023-10-27 05:19:01 --> Session: Class initialized using 'CodeIgniter\Session\Handlers\FileHandler' driver.
INFO - 2023-10-27 05:19:01 --> Session: Class initialized using 'CodeIgniter\Session\Handlers\FileHandler' driver.
INFO - 2023-10-27 05:23:28 --> Session: Class initialized using 'CodeIgniter\Session\Handlers\FileHandler' driver.
INFO - 2023-10-27 05:23:49 --> Session: Class initialized using 'CodeIgniter\Session\Handlers\FileHandler' driver.
INFO - 2023-10-27 05:23:49 --> Session: Class initialized using 'CodeIgniter\Session\Handlers\FileHandler' driver.
CRITICAL - 2023-10-27 06:03:35 --> Undefined variable: validation
in APPPATH\Views\pages\buku\update.php on line 13.
 1 APPPATH\Views\pages\buku\update.php(13): CodeIgniter\Debug\Exceptions->errorHandler(8, 'Undefined variable: validation', 'C:\\xampp\\htdocs\\pustaka-booking\\app\\Views\\pages\\buku\\update.php', 13, [...])
 2 SYSTEMPATH\View\View.php(226): include('C:\\xampp\\htdocs\\pustaka-booking\\app\\Views\\pages\\buku\\update.php')
 3 SYSTEMPATH\View\View.php(229): CodeIgniter\View\View->CodeIgniter\View\{closure}()
 4 SYSTEMPATH\Common.php(1188): CodeIgniter\View\View->render('pages/buku/update', [], true)
 5 APPPATH\Controllers\Buku.php(113): view('pages/buku/update', [...])
 6 SYSTEMPATH\CodeIgniter.php(919): App\Controllers\Buku->ubah('9')
 7 SYSTEMPATH\CodeIgniter.php(494): CodeIgniter\CodeIgniter->runController(Object(App\Controllers\Buku))
 8 SYSTEMPATH\CodeIgniter.php(353): CodeIgniter\CodeIgniter->handleRequest(null, Object(Config\Cache), false)
 9 FCPATH\index.php(79): CodeIgniter\CodeIgniter->run()
10 SYSTEMPATH\Commands\Server\rewrite.php(47): require_once('C:\\xampp\\htdocs\\pustaka-booking\\public\\index.php')
INFO - 2023-10-27 06:03:40 --> Session: Class initialized using 'CodeIgniter\Session\Handlers\FileHandler' driver.
INFO - 2023-10-27 06:03:46 --> Session: Class initialized using 'CodeIgniter\Session\Handlers\FileHandler' driver.
INFO - 2023-10-27 06:07:12 --> Session: Class initialized using 'CodeIgniter\Session\Handlers\FileHandler' driver.
INFO - 2023-10-27 06:07:12 --> Session: Class initialized using 'CodeIgniter\Session\Handlers\FileHandler' driver.
CRITICAL - 2023-10-27 06:12:06 --> Undefined variable: validation
in APPPATH\Views\pages\buku\update.php on line 13.
 1 APPPATH\Views\pages\buku\update.php(13): CodeIgniter\Debug\Exceptions->errorHandler(8, 'Undefined variable: validation', 'C:\\xampp\\htdocs\\pustaka-booking\\app\\Views\\pages\\buku\\update.php', 13, [...])
 2 SYSTEMPATH\View\View.php(226): include('C:\\xampp\\htdocs\\pustaka-booking\\app\\Views\\pages\\buku\\update.php')
 3 SYSTEMPATH\View\View.php(229): CodeIgniter\View\View->CodeIgniter\View\{closure}()
 4 SYSTEMPATH\Common.php(1188): CodeIgniter\View\View->render('pages/buku/update', [], true)
 5 APPPATH\Controllers\Buku.php(113): view('pages/buku/update', [...])
 6 SYSTEMPATH\CodeIgniter.php(919): App\Controllers\Buku->ubah('10')
 7 SYSTEMPATH\CodeIgniter.php(494): CodeIgniter\CodeIgniter->runController(Object(App\Controllers\Buku))
 8 SYSTEMPATH\CodeIgniter.php(353): CodeIgniter\CodeIgniter->handleRequest(null, Object(Config\Cache), false)
 9 FCPATH\index.php(79): CodeIgniter\CodeIgniter->run()
10 SYSTEMPATH\Commands\Server\rewrite.php(47): require_once('C:\\xampp\\htdocs\\pustaka-booking\\public\\index.php')
INFO - 2023-10-27 06:15:23 --> Session: Class initialized using 'CodeIgniter\Session\Handlers\FileHandler' driver.
INFO - 2023-10-27 06:19:40 --> Session: Class initialized using 'CodeIgniter\Session\Handlers\FileHandler' driver.
INFO - 2023-10-27 06:19:50 --> Session: Class initialized using 'CodeIgniter\Session\Handlers\FileHandler' driver.
CRITICAL - 2023-10-27 06:20:01 --> Trying to access array offset on value of type null
in APPPATH\Views\pages\buku\detail.php on line 11.
 1 APPPATH\Views\pages\buku\detail.php(11): CodeIgniter\Debug\Exceptions->errorHandler(8, 'Trying to access array offset on value of type null', 'C:\\xampp\\htdocs\\pustaka-booking\\app\\Views\\pages\\buku\\detail.php', 11, [...])
 2 SYSTEMPATH\View\View.php(226): include('C:\\xampp\\htdocs\\pustaka-booking\\app\\Views\\pages\\buku\\detail.php')
 3 SYSTEMPATH\View\View.php(229): CodeIgniter\View\View->CodeIgniter\View\{closure}()
 4 SYSTEMPATH\Common.php(1188): CodeIgniter\View\View->render('pages/buku/detail', [], true)
 5 APPPATH\Controllers\Buku.php(32): view('pages/buku/detail', [...])
 6 SYSTEMPATH\CodeIgniter.php(919): App\Controllers\Buku->detail('delete', '7')
 7 SYSTEMPATH\CodeIgniter.php(494): CodeIgniter\CodeIgniter->runController(Object(App\Controllers\Buku))
 8 SYSTEMPATH\CodeIgniter.php(353): CodeIgniter\CodeIgniter->handleRequest(null, Object(Config\Cache), false)
 9 FCPATH\index.php(79): CodeIgniter\CodeIgniter->run()
10 SYSTEMPATH\Commands\Server\rewrite.php(47): require_once('C:\\xampp\\htdocs\\pustaka-booking\\public\\index.php')
CRITICAL - 2023-10-27 06:20:11 --> Trying to access array offset on value of type null
in APPPATH\Views\pages\buku\detail.php on line 11.
 1 APPPATH\Views\pages\buku\detail.php(11): CodeIgniter\Debug\Exceptions->errorHandler(8, 'Trying to access array offset on value of type null', 'C:\\xampp\\htdocs\\pustaka-booking\\app\\Views\\pages\\buku\\detail.php', 11, [...])
 2 SYSTEMPATH\View\View.php(226): include('C:\\xampp\\htdocs\\pustaka-booking\\app\\Views\\pages\\buku\\detail.php')
 3 SYSTEMPATH\View\View.php(229): CodeIgniter\View\View->CodeIgniter\View\{closure}()
 4 SYSTEMPATH\Common.php(1188): CodeIgniter\View\View->render('pages/buku/detail', [], true)
 5 APPPATH\Controllers\Buku.php(32): view('pages/buku/detail', [...])
 6 SYSTEMPATH\CodeIgniter.php(919): App\Controllers\Buku->detail('delete7')
 7 SYSTEMPATH\CodeIgniter.php(494): CodeIgniter\CodeIgniter->runController(Object(App\Controllers\Buku))
 8 SYSTEMPATH\CodeIgniter.php(353): CodeIgniter\CodeIgniter->handleRequest(null, Object(Config\Cache), false)
 9 FCPATH\index.php(79): CodeIgniter\CodeIgniter->run()
10 SYSTEMPATH\Commands\Server\rewrite.php(47): require_once('C:\\xampp\\htdocs\\pustaka-booking\\public\\index.php')
INFO - 2023-10-27 06:20:15 --> Session: Class initialized using 'CodeIgniter\Session\Handlers\FileHandler' driver.
INFO - 2023-10-27 06:23:02 --> Session: Class initialized using 'CodeIgniter\Session\Handlers\FileHandler' driver.
INFO - 2023-10-27 06:23:06 --> Session: Class initialized using 'CodeIgniter\Session\Handlers\FileHandler' driver.
INFO - 2023-10-27 06:23:13 --> Session: Class initialized using 'CodeIgniter\Session\Handlers\FileHandler' driver.
INFO - 2023-10-27 06:23:26 --> Session: Class initialized using 'CodeIgniter\Session\Handlers\FileHandler' driver.
INFO - 2023-10-27 06:23:27 --> Session: Class initialized using 'CodeIgniter\Session\Handlers\FileHandler' driver.
INFO - 2023-10-27 06:23:31 --> Session: Class initialized using 'CodeIgniter\Session\Handlers\FileHandler' driver.
CRITICAL - 2023-10-27 06:24:39 --> Trying to access array offset on value of type null
in APPPATH\Views\pages\buku\detail.php on line 11.
 1 APPPATH\Views\pages\buku\detail.php(11): CodeIgniter\Debug\Exceptions->errorHandler(8, 'Trying to access array offset on value of type null', 'C:\\xampp\\htdocs\\pustaka-booking\\app\\Views\\pages\\buku\\detail.php', 11, [...])
 2 SYSTEMPATH\View\View.php(226): include('C:\\xampp\\htdocs\\pustaka-booking\\app\\Views\\pages\\buku\\detail.php')
 3 SYSTEMPATH\View\View.php(229): CodeIgniter\View\View->CodeIgniter\View\{closure}()
 4 SYSTEMPATH\Common.php(1188): CodeIgniter\View\View->render('pages/buku/detail', [], true)
 5 APPPATH\Controllers\Buku.php(32): view('pages/buku/detail', [...])
 6 SYSTEMPATH\CodeIgniter.php(919): App\Controllers\Buku->detail('10')
 7 SYSTEMPATH\CodeIgniter.php(494): CodeIgniter\CodeIgniter->runController(Object(App\Controllers\Buku))
 8 SYSTEMPATH\CodeIgniter.php(353): CodeIgniter\CodeIgniter->handleRequest(null, Object(Config\Cache), false)
 9 FCPATH\index.php(79): CodeIgniter\CodeIgniter->run()
10 SYSTEMPATH\Commands\Server\rewrite.php(47): require_once('C:\\xampp\\htdocs\\pustaka-booking\\public\\index.php')
CRITICAL - 2023-10-27 06:24:43 --> Trying to access array offset on value of type null
in APPPATH\Views\pages\buku\detail.php on line 11.
 1 APPPATH\Views\pages\buku\detail.php(11): CodeIgniter\Debug\Exceptions->errorHandler(8, 'Trying to access array offset on value of type null', 'C:\\xampp\\htdocs\\pustaka-booking\\app\\Views\\pages\\buku\\detail.php', 11, [...])
 2 SYSTEMPATH\View\View.php(226): include('C:\\xampp\\htdocs\\pustaka-booking\\app\\Views\\pages\\buku\\detail.php')
 3 SYSTEMPATH\View\View.php(229): CodeIgniter\View\View->CodeIgniter\View\{closure}()
 4 SYSTEMPATH\Common.php(1188): CodeIgniter\View\View->render('pages/buku/detail', [], true)
 5 APPPATH\Controllers\Buku.php(32): view('pages/buku/detail', [...])
 6 SYSTEMPATH\CodeIgniter.php(919): App\Controllers\Buku->detail('7')
 7 SYSTEMPATH\CodeIgniter.php(494): CodeIgniter\CodeIgniter->runController(Object(App\Controllers\Buku))
 8 SYSTEMPATH\CodeIgniter.php(353): CodeIgniter\CodeIgniter->handleRequest(null, Object(Config\Cache), false)
 9 FCPATH\index.php(79): CodeIgniter\CodeIgniter->run()
10 SYSTEMPATH\Commands\Server\rewrite.php(47): require_once('C:\\xampp\\htdocs\\pustaka-booking\\public\\index.php')
INFO - 2023-10-27 06:24:44 --> Session: Class initialized using 'CodeIgniter\Session\Handlers\FileHandler' driver.
INFO - 2023-10-27 06:24:46 --> Session: Class initialized using 'CodeIgniter\Session\Handlers\FileHandler' driver.
CRITICAL - 2023-10-27 06:35:40 --> Trying to access array offset on value of type null
in APPPATH\Views\pages\buku\detail.php on line 11.
 1 APPPATH\Views\pages\buku\detail.php(11): CodeIgniter\Debug\Exceptions->errorHandler(8, 'Trying to access array offset on value of type null', 'C:\\xampp\\htdocs\\pustaka-booking\\app\\Views\\pages\\buku\\detail.php', 11, [...])
 2 SYSTEMPATH\View\View.php(226): include('C:\\xampp\\htdocs\\pustaka-booking\\app\\Views\\pages\\buku\\detail.php')
 3 SYSTEMPATH\View\View.php(229): CodeIgniter\View\View->CodeIgniter\View\{closure}()
 4 SYSTEMPATH\Common.php(1188): CodeIgniter\View\View->render('pages/buku/detail', [], true)
 5 APPPATH\Controllers\Buku.php(32): view('pages/buku/detail', [...])
 6 SYSTEMPATH\CodeIgniter.php(919): App\Controllers\Buku->detail('edit', '<')
 7 SYSTEMPATH\CodeIgniter.php(494): CodeIgniter\CodeIgniter->runController(Object(App\Controllers\Buku))
 8 SYSTEMPATH\CodeIgniter.php(353): CodeIgniter\CodeIgniter->handleRequest(null, Object(Config\Cache), false)
 9 FCPATH\index.php(79): CodeIgniter\CodeIgniter->run()
10 SYSTEMPATH\Commands\Server\rewrite.php(47): require_once('C:\\xampp\\htdocs\\pustaka-booking\\public\\index.php')
CRITICAL - 2023-10-27 06:36:02 --> Trying to access array offset on value of type null
in APPPATH\Views\pages\buku\detail.php on line 11.
 1 APPPATH\Views\pages\buku\detail.php(11): CodeIgniter\Debug\Exceptions->errorHandler(8, 'Trying to access array offset on value of type null', 'C:\\xampp\\htdocs\\pustaka-booking\\app\\Views\\pages\\buku\\detail.php', 11, [...])
 2 SYSTEMPATH\View\View.php(226): include('C:\\xampp\\htdocs\\pustaka-booking\\app\\Views\\pages\\buku\\detail.php')
 3 SYSTEMPATH\View\View.php(229): CodeIgniter\View\View->CodeIgniter\View\{closure}()
 4 SYSTEMPATH\Common.php(1188): CodeIgniter\View\View->render('pages/buku/detail', [], true)
 5 APPPATH\Controllers\Buku.php(32): view('pages/buku/detail', [...])
 6 SYSTEMPATH\CodeIgniter.php(919): App\Controllers\Buku->detail('edit', '<')
 7 SYSTEMPATH\CodeIgniter.php(494): CodeIgniter\CodeIgniter->runController(Object(App\Controllers\Buku))
 8 SYSTEMPATH\CodeIgniter.php(353): CodeIgniter\CodeIgniter->handleRequest(null, Object(Config\Cache), false)
 9 FCPATH\index.php(79): CodeIgniter\CodeIgniter->run()
10 SYSTEMPATH\Commands\Server\rewrite.php(47): require_once('C:\\xampp\\htdocs\\pustaka-booking\\public\\index.php')
CRITICAL - 2023-10-27 06:36:07 --> Trying to access array offset on value of type null
in APPPATH\Views\pages\buku\detail.php on line 11.
 1 APPPATH\Views\pages\buku\detail.php(11): CodeIgniter\Debug\Exceptions->errorHandler(8, 'Trying to access array offset on value of type null', 'C:\\xampp\\htdocs\\pustaka-booking\\app\\Views\\pages\\buku\\detail.php', 11, [...])
 2 SYSTEMPATH\View\View.php(226): include('C:\\xampp\\htdocs\\pustaka-booking\\app\\Views\\pages\\buku\\detail.php')
 3 SYSTEMPATH\View\View.php(229): CodeIgniter\View\View->CodeIgniter\View\{closure}()
 4 SYSTEMPATH\Common.php(1188): CodeIgniter\View\View->render('pages/buku/detail', [], true)
 5 APPPATH\Controllers\Buku.php(32): view('pages/buku/detail', [...])
 6 SYSTEMPATH\CodeIgniter.php(919): App\Controllers\Buku->detail('edit', '<')
 7 SYSTEMPATH\CodeIgniter.php(494): CodeIgniter\CodeIgniter->runController(Object(App\Controllers\Buku))
 8 SYSTEMPATH\CodeIgniter.php(353): CodeIgniter\CodeIgniter->handleRequest(null, Object(Config\Cache), false)
 9 FCPATH\index.php(79): CodeIgniter\CodeIgniter->run()
10 SYSTEMPATH\Commands\Server\rewrite.php(47): require_once('C:\\xampp\\htdocs\\pustaka-booking\\public\\index.php')
CRITICAL - 2023-10-27 06:37:23 --> Trying to access array offset on value of type null
in APPPATH\Views\pages\buku\detail.php on line 11.
 1 APPPATH\Views\pages\buku\detail.php(11): CodeIgniter\Debug\Exceptions->errorHandler(8, 'Trying to access array offset on value of type null', 'C:\\xampp\\htdocs\\pustaka-booking\\app\\Views\\pages\\buku\\detail.php', 11, [...])
 2 SYSTEMPATH\View\View.php(226): include('C:\\xampp\\htdocs\\pustaka-booking\\app\\Views\\pages\\buku\\detail.php')
 3 SYSTEMPATH\View\View.php(229): CodeIgniter\View\View->CodeIgniter\View\{closure}()
 4 SYSTEMPATH\Common.php(1188): CodeIgniter\View\View->render('pages/buku/detail', [], true)
 5 APPPATH\Controllers\Buku.php(32): view('pages/buku/detail', [...])
 6 SYSTEMPATH\CodeIgniter.php(919): App\Controllers\Buku->detail('edit', '<')
 7 SYSTEMPATH\CodeIgniter.php(494): CodeIgniter\CodeIgniter->runController(Object(App\Controllers\Buku))
 8 SYSTEMPATH\CodeIgniter.php(353): CodeIgniter\CodeIgniter->handleRequest(null, Object(Config\Cache), false)
 9 FCPATH\index.php(79): CodeIgniter\CodeIgniter->run()
10 SYSTEMPATH\Commands\Server\rewrite.php(47): require_once('C:\\xampp\\htdocs\\pustaka-booking\\public\\index.php')
CRITICAL - 2023-10-27 06:37:27 --> Trying to access array offset on value of type null
in APPPATH\Views\pages\buku\detail.php on line 11.
 1 APPPATH\Views\pages\buku\detail.php(11): CodeIgniter\Debug\Exceptions->errorHandler(8, 'Trying to access array offset on value of type null', 'C:\\xampp\\htdocs\\pustaka-booking\\app\\Views\\pages\\buku\\detail.php', 11, [...])
 2 SYSTEMPATH\View\View.php(226): include('C:\\xampp\\htdocs\\pustaka-booking\\app\\Views\\pages\\buku\\detail.php')
 3 SYSTEMPATH\View\View.php(229): CodeIgniter\View\View->CodeIgniter\View\{closure}()
 4 SYSTEMPATH\Common.php(1188): CodeIgniter\View\View->render('pages/buku/detail', [], true)
 5 APPPATH\Controllers\Buku.php(32): view('pages/buku/detail', [...])
 6 SYSTEMPATH\CodeIgniter.php(919): App\Controllers\Buku->detail('edit', '<')
 7 SYSTEMPATH\CodeIgniter.php(494): CodeIgniter\CodeIgniter->runController(Object(App\Controllers\Buku))
 8 SYSTEMPATH\CodeIgniter.php(353): CodeIgniter\CodeIgniter->handleRequest(null, Object(Config\Cache), false)
 9 FCPATH\index.php(79): CodeIgniter\CodeIgniter->run()
10 SYSTEMPATH\Commands\Server\rewrite.php(47): require_once('C:\\xampp\\htdocs\\pustaka-booking\\public\\index.php')
CRITICAL - 2023-10-27 06:38:43 --> Trying to access array offset on value of type null
in APPPATH\Views\pages\buku\detail.php on line 11.
 1 APPPATH\Views\pages\buku\detail.php(11): CodeIgniter\Debug\Exceptions->errorHandler(8, 'Trying to access array offset on value of type null', 'C:\\xampp\\htdocs\\pustaka-booking\\app\\Views\\pages\\buku\\detail.php', 11, [...])
 2 SYSTEMPATH\View\View.php(226): include('C:\\xampp\\htdocs\\pustaka-booking\\app\\Views\\pages\\buku\\detail.php')
 3 SYSTEMPATH\View\View.php(229): CodeIgniter\View\View->CodeIgniter\View\{closure}()
 4 SYSTEMPATH\Common.php(1188): CodeIgniter\View\View->render('pages/buku/detail', [], true)
 5 APPPATH\Controllers\Buku.php(32): view('pages/buku/detail', [...])
 6 SYSTEMPATH\CodeIgniter.php(919): App\Controllers\Buku->detail('edit', '<')
 7 SYSTEMPATH\CodeIgniter.php(494): CodeIgniter\CodeIgniter->runController(Object(App\Controllers\Buku))
 8 SYSTEMPATH\CodeIgniter.php(353): CodeIgniter\CodeIgniter->handleRequest(null, Object(Config\Cache), false)
 9 FCPATH\index.php(79): CodeIgniter\CodeIgniter->run()
10 SYSTEMPATH\Commands\Server\rewrite.php(47): require_once('C:\\xampp\\htdocs\\pustaka-booking\\public\\index.php')
CRITICAL - 2023-10-27 06:39:18 --> Trying to access array offset on value of type null
in APPPATH\Views\pages\buku\detail.php on line 11.
 1 APPPATH\Views\pages\buku\detail.php(11): CodeIgniter\Debug\Exceptions->errorHandler(8, 'Trying to access array offset on value of type null', 'C:\\xampp\\htdocs\\pustaka-booking\\app\\Views\\pages\\buku\\detail.php', 11, [...])
 2 SYSTEMPATH\View\View.php(226): include('C:\\xampp\\htdocs\\pustaka-booking\\app\\Views\\pages\\buku\\detail.php')
 3 SYSTEMPATH\View\View.php(229): CodeIgniter\View\View->CodeIgniter\View\{closure}()
 4 SYSTEMPATH\Common.php(1188): CodeIgniter\View\View->render('pages/buku/detail', [], true)
 5 APPPATH\Controllers\Buku.php(32): view('pages/buku/detail', [...])
 6 SYSTEMPATH\CodeIgniter.php(919): App\Controllers\Buku->detail('edit', '<')
 7 SYSTEMPATH\CodeIgniter.php(494): CodeIgniter\CodeIgniter->runController(Object(App\Controllers\Buku))
 8 SYSTEMPATH\CodeIgniter.php(353): CodeIgniter\CodeIgniter->handleRequest(null, Object(Config\Cache), false)
 9 FCPATH\index.php(79): CodeIgniter\CodeIgniter->run()
10 SYSTEMPATH\Commands\Server\rewrite.php(47): require_once('C:\\xampp\\htdocs\\pustaka-booking\\public\\index.php')
CRITICAL - 2023-10-27 06:39:24 --> Trying to access array offset on value of type null
in APPPATH\Views\pages\buku\detail.php on line 11.
 1 APPPATH\Views\pages\buku\detail.php(11): CodeIgniter\Debug\Exceptions->errorHandler(8, 'Trying to access array offset on value of type null', 'C:\\xampp\\htdocs\\pustaka-booking\\app\\Views\\pages\\buku\\detail.php', 11, [...])
 2 SYSTEMPATH\View\View.php(226): include('C:\\xampp\\htdocs\\pustaka-booking\\app\\Views\\pages\\buku\\detail.php')
 3 SYSTEMPATH\View\View.php(229): CodeIgniter\View\View->CodeIgniter\View\{closure}()
 4 SYSTEMPATH\Common.php(1188): CodeIgniter\View\View->render('pages/buku/detail', [], true)
 5 APPPATH\Controllers\Buku.php(32): view('pages/buku/detail', [...])
 6 SYSTEMPATH\CodeIgniter.php(919): App\Controllers\Buku->detail('edit', '<')
 7 SYSTEMPATH\CodeIgniter.php(494): CodeIgniter\CodeIgniter->runController(Object(App\Controllers\Buku))
 8 SYSTEMPATH\CodeIgniter.php(353): CodeIgniter\CodeIgniter->handleRequest(null, Object(Config\Cache), false)
 9 FCPATH\index.php(79): CodeIgniter\CodeIgniter->run()
10 SYSTEMPATH\Commands\Server\rewrite.php(47): require_once('C:\\xampp\\htdocs\\pustaka-booking\\public\\index.php')
CRITICAL - 2023-10-27 06:39:32 --> Trying to access array offset on value of type null
in APPPATH\Views\pages\buku\detail.php on line 11.
 1 APPPATH\Views\pages\buku\detail.php(11): CodeIgniter\Debug\Exceptions->errorHandler(8, 'Trying to access array offset on value of type null', 'C:\\xampp\\htdocs\\pustaka-booking\\app\\Views\\pages\\buku\\detail.php', 11, [...])
 2 SYSTEMPATH\View\View.php(226): include('C:\\xampp\\htdocs\\pustaka-booking\\app\\Views\\pages\\buku\\detail.php')
 3 SYSTEMPATH\View\View.php(229): CodeIgniter\View\View->CodeIgniter\View\{closure}()
 4 SYSTEMPATH\Common.php(1188): CodeIgniter\View\View->render('pages/buku/detail', [], true)
 5 APPPATH\Controllers\Buku.php(32): view('pages/buku/detail', [...])
 6 SYSTEMPATH\CodeIgniter.php(919): App\Controllers\Buku->detail('edit', '<')
 7 SYSTEMPATH\CodeIgniter.php(494): CodeIgniter\CodeIgniter->runController(Object(App\Controllers\Buku))
 8 SYSTEMPATH\CodeIgniter.php(353): CodeIgniter\CodeIgniter->handleRequest(null, Object(Config\Cache), false)
 9 FCPATH\index.php(79): CodeIgniter\CodeIgniter->run()
10 SYSTEMPATH\Commands\Server\rewrite.php(47): require_once('C:\\xampp\\htdocs\\pustaka-booking\\public\\index.php')
CRITICAL - 2023-10-27 06:39:43 --> Trying to access array offset on value of type null
in APPPATH\Views\pages\buku\detail.php on line 11.
 1 APPPATH\Views\pages\buku\detail.php(11): CodeIgniter\Debug\Exceptions->errorHandler(8, 'Trying to access array offset on value of type null', 'C:\\xampp\\htdocs\\pustaka-booking\\app\\Views\\pages\\buku\\detail.php', 11, [...])
 2 SYSTEMPATH\View\View.php(226): include('C:\\xampp\\htdocs\\pustaka-booking\\app\\Views\\pages\\buku\\detail.php')
 3 SYSTEMPATH\View\View.php(229): CodeIgniter\View\View->CodeIgniter\View\{closure}()
 4 SYSTEMPATH\Common.php(1188): CodeIgniter\View\View->render('pages/buku/detail', [], true)
 5 APPPATH\Controllers\Buku.php(32): view('pages/buku/detail', [...])
 6 SYSTEMPATH\CodeIgniter.php(919): App\Controllers\Buku->detail('edit', '<')
 7 SYSTEMPATH\CodeIgniter.php(494): CodeIgniter\CodeIgniter->runController(Object(App\Controllers\Buku))
 8 SYSTEMPATH\CodeIgniter.php(353): CodeIgniter\CodeIgniter->handleRequest(null, Object(Config\Cache), false)
 9 FCPATH\index.php(79): CodeIgniter\CodeIgniter->run()
10 SYSTEMPATH\Commands\Server\rewrite.php(47): require_once('C:\\xampp\\htdocs\\pustaka-booking\\public\\index.php')
CRITICAL - 2023-10-27 06:40:24 --> Trying to access array offset on value of type null
in APPPATH\Views\pages\buku\detail.php on line 11.
 1 APPPATH\Views\pages\buku\detail.php(11): CodeIgniter\Debug\Exceptions->errorHandler(8, 'Trying to access array offset on value of type null', 'C:\\xampp\\htdocs\\pustaka-booking\\app\\Views\\pages\\buku\\detail.php', 11, [...])
 2 SYSTEMPATH\View\View.php(226): include('C:\\xampp\\htdocs\\pustaka-booking\\app\\Views\\pages\\buku\\detail.php')
 3 SYSTEMPATH\View\View.php(229): CodeIgniter\View\View->CodeIgniter\View\{closure}()
 4 SYSTEMPATH\Common.php(1188): CodeIgniter\View\View->render('pages/buku/detail', [], true)
 5 APPPATH\Controllers\Buku.php(32): view('pages/buku/detail', [...])
 6 SYSTEMPATH\CodeIgniter.php(919): App\Controllers\Buku->detail('edit', '<')
 7 SYSTEMPATH\CodeIgniter.php(494): CodeIgniter\CodeIgniter->runController(Object(App\Controllers\Buku))
 8 SYSTEMPATH\CodeIgniter.php(353): CodeIgniter\CodeIgniter->handleRequest(null, Object(Config\Cache), false)
 9 FCPATH\index.php(79): CodeIgniter\CodeIgniter->run()
10 SYSTEMPATH\Commands\Server\rewrite.php(47): require_once('C:\\xampp\\htdocs\\pustaka-booking\\public\\index.php')
CRITICAL - 2023-10-27 06:40:30 --> Trying to access array offset on value of type null
in APPPATH\Views\pages\buku\detail.php on line 11.
 1 APPPATH\Views\pages\buku\detail.php(11): CodeIgniter\Debug\Exceptions->errorHandler(8, 'Trying to access array offset on value of type null', 'C:\\xampp\\htdocs\\pustaka-booking\\app\\Views\\pages\\buku\\detail.php', 11, [...])
 2 SYSTEMPATH\View\View.php(226): include('C:\\xampp\\htdocs\\pustaka-booking\\app\\Views\\pages\\buku\\detail.php')
 3 SYSTEMPATH\View\View.php(229): CodeIgniter\View\View->CodeIgniter\View\{closure}()
 4 SYSTEMPATH\Common.php(1188): CodeIgniter\View\View->render('pages/buku/detail', [], true)
 5 APPPATH\Controllers\Buku.php(32): view('pages/buku/detail', [...])
 6 SYSTEMPATH\CodeIgniter.php(919): App\Controllers\Buku->detail('edit <')
 7 SYSTEMPATH\CodeIgniter.php(494): CodeIgniter\CodeIgniter->runController(Object(App\Controllers\Buku))
 8 SYSTEMPATH\CodeIgniter.php(353): CodeIgniter\CodeIgniter->handleRequest(null, Object(Config\Cache), false)
 9 FCPATH\index.php(79): CodeIgniter\CodeIgniter->run()
10 SYSTEMPATH\Commands\Server\rewrite.php(47): require_once('C:\\xampp\\htdocs\\pustaka-booking\\public\\index.php')
CRITICAL - 2023-10-27 06:41:23 --> Trying to access array offset on value of type null
in APPPATH\Views\pages\buku\detail.php on line 11.
 1 APPPATH\Views\pages\buku\detail.php(11): CodeIgniter\Debug\Exceptions->errorHandler(8, 'Trying to access array offset on value of type null', 'C:\\xampp\\htdocs\\pustaka-booking\\app\\Views\\pages\\buku\\detail.php', 11, [...])
 2 SYSTEMPATH\View\View.php(226): include('C:\\xampp\\htdocs\\pustaka-booking\\app\\Views\\pages\\buku\\detail.php')
 3 SYSTEMPATH\View\View.php(229): CodeIgniter\View\View->CodeIgniter\View\{closure}()
 4 SYSTEMPATH\Common.php(1188): CodeIgniter\View\View->render('pages/buku/detail', [], true)
 5 APPPATH\Controllers\Buku.php(32): view('pages/buku/detail', [...])
 6 SYSTEMPATH\CodeIgniter.php(919): App\Controllers\Buku->detail('edit <')
 7 SYSTEMPATH\CodeIgniter.php(494): CodeIgniter\CodeIgniter->runController(Object(App\Controllers\Buku))
 8 SYSTEMPATH\CodeIgniter.php(353): CodeIgniter\CodeIgniter->handleRequest(null, Object(Config\Cache), false)
 9 FCPATH\index.php(79): CodeIgniter\CodeIgniter->run()
10 SYSTEMPATH\Commands\Server\rewrite.php(47): require_once('C:\\xampp\\htdocs\\pustaka-booking\\public\\index.php')
CRITICAL - 2023-10-27 06:41:24 --> Trying to access array offset on value of type null
in APPPATH\Views\pages\buku\detail.php on line 11.
 1 APPPATH\Views\pages\buku\detail.php(11): CodeIgniter\Debug\Exceptions->errorHandler(8, 'Trying to access array offset on value of type null', 'C:\\xampp\\htdocs\\pustaka-booking\\app\\Views\\pages\\buku\\detail.php', 11, [...])
 2 SYSTEMPATH\View\View.php(226): include('C:\\xampp\\htdocs\\pustaka-booking\\app\\Views\\pages\\buku\\detail.php')
 3 SYSTEMPATH\View\View.php(229): CodeIgniter\View\View->CodeIgniter\View\{closure}()
 4 SYSTEMPATH\Common.php(1188): CodeIgniter\View\View->render('pages/buku/detail', [], true)
 5 APPPATH\Controllers\Buku.php(32): view('pages/buku/detail', [...])
 6 SYSTEMPATH\CodeIgniter.php(919): App\Controllers\Buku->detail('edit <')
 7 SYSTEMPATH\CodeIgniter.php(494): CodeIgniter\CodeIgniter->runController(Object(App\Controllers\Buku))
 8 SYSTEMPATH\CodeIgniter.php(353): CodeIgniter\CodeIgniter->handleRequest(null, Object(Config\Cache), false)
 9 FCPATH\index.php(79): CodeIgniter\CodeIgniter->run()
10 SYSTEMPATH\Commands\Server\rewrite.php(47): require_once('C:\\xampp\\htdocs\\pustaka-booking\\public\\index.php')
CRITICAL - 2023-10-27 06:41:30 --> Trying to access array offset on value of type null
in APPPATH\Views\pages\buku\detail.php on line 11.
 1 APPPATH\Views\pages\buku\detail.php(11): CodeIgniter\Debug\Exceptions->errorHandler(8, 'Trying to access array offset on value of type null', 'C:\\xampp\\htdocs\\pustaka-booking\\app\\Views\\pages\\buku\\detail.php', 11, [...])
 2 SYSTEMPATH\View\View.php(226): include('C:\\xampp\\htdocs\\pustaka-booking\\app\\Views\\pages\\buku\\detail.php')
 3 SYSTEMPATH\View\View.php(229): CodeIgniter\View\View->CodeIgniter\View\{closure}()
 4 SYSTEMPATH\Common.php(1188): CodeIgniter\View\View->render('pages/buku/detail', [], true)
 5 APPPATH\Controllers\Buku.php(32): view('pages/buku/detail', [...])
 6 SYSTEMPATH\CodeIgniter.php(919): App\Controllers\Buku->detail('delete', '2')
 7 SYSTEMPATH\CodeIgniter.php(494): CodeIgniter\CodeIgniter->runController(Object(App\Controllers\Buku))
 8 SYSTEMPATH\CodeIgniter.php(353): CodeIgniter\CodeIgniter->handleRequest(null, Object(Config\Cache), false)
 9 FCPATH\index.php(79): CodeIgniter\CodeIgniter->run()
10 SYSTEMPATH\Commands\Server\rewrite.php(47): require_once('C:\\xampp\\htdocs\\pustaka-booking\\public\\index.php')
CRITICAL - 2023-10-27 06:41:53 --> Trying to access array offset on value of type null
in APPPATH\Views\pages\buku\detail.php on line 11.
 1 APPPATH\Views\pages\buku\detail.php(11): CodeIgniter\Debug\Exceptions->errorHandler(8, 'Trying to access array offset on value of type null', 'C:\\xampp\\htdocs\\pustaka-booking\\app\\Views\\pages\\buku\\detail.php', 11, [...])
 2 SYSTEMPATH\View\View.php(226): include('C:\\xampp\\htdocs\\pustaka-booking\\app\\Views\\pages\\buku\\detail.php')
 3 SYSTEMPATH\View\View.php(229): CodeIgniter\View\View->CodeIgniter\View\{closure}()
 4 SYSTEMPATH\Common.php(1188): CodeIgniter\View\View->render('pages/buku/detail', [], true)
 5 APPPATH\Controllers\Buku.php(32): view('pages/buku/detail', [...])
 6 SYSTEMPATH\CodeIgniter.php(919): App\Controllers\Buku->detail('delete', '2')
 7 SYSTEMPATH\CodeIgniter.php(494): CodeIgniter\CodeIgniter->runController(Object(App\Controllers\Buku))
 8 SYSTEMPATH\CodeIgniter.php(353): CodeIgniter\CodeIgniter->handleRequest(null, Object(Config\Cache), false)
 9 FCPATH\index.php(79): CodeIgniter\CodeIgniter->run()
10 SYSTEMPATH\Commands\Server\rewrite.php(47): require_once('C:\\xampp\\htdocs\\pustaka-booking\\public\\index.php')
CRITICAL - 2023-10-27 06:41:59 --> Trying to access array offset on value of type null
in APPPATH\Views\pages\buku\detail.php on line 11.
 1 APPPATH\Views\pages\buku\detail.php(11): CodeIgniter\Debug\Exceptions->errorHandler(8, 'Trying to access array offset on value of type null', 'C:\\xampp\\htdocs\\pustaka-booking\\app\\Views\\pages\\buku\\detail.php', 11, [...])
 2 SYSTEMPATH\View\View.php(226): include('C:\\xampp\\htdocs\\pustaka-booking\\app\\Views\\pages\\buku\\detail.php')
 3 SYSTEMPATH\View\View.php(229): CodeIgniter\View\View->CodeIgniter\View\{closure}()
 4 SYSTEMPATH\Common.php(1188): CodeIgniter\View\View->render('pages/buku/detail', [], true)
 5 APPPATH\Controllers\Buku.php(32): view('pages/buku/detail', [...])
 6 SYSTEMPATH\CodeIgniter.php(919): App\Controllers\Buku->detail('edit', '2')
 7 SYSTEMPATH\CodeIgniter.php(494): CodeIgniter\CodeIgniter->runController(Object(App\Controllers\Buku))
 8 SYSTEMPATH\CodeIgniter.php(353): CodeIgniter\CodeIgniter->handleRequest(null, Object(Config\Cache), false)
 9 FCPATH\index.php(79): CodeIgniter\CodeIgniter->run()
10 SYSTEMPATH\Commands\Server\rewrite.php(47): require_once('C:\\xampp\\htdocs\\pustaka-booking\\public\\index.php')
CRITICAL - 2023-10-27 06:43:27 --> Trying to access array offset on value of type null
in APPPATH\Views\pages\buku\detail.php on line 11.
 1 APPPATH\Views\pages\buku\detail.php(11): CodeIgniter\Debug\Exceptions->errorHandler(8, 'Trying to access array offset on value of type null', 'C:\\xampp\\htdocs\\pustaka-booking\\app\\Views\\pages\\buku\\detail.php', 11, [...])
 2 SYSTEMPATH\View\View.php(226): include('C:\\xampp\\htdocs\\pustaka-booking\\app\\Views\\pages\\buku\\detail.php')
 3 SYSTEMPATH\View\View.php(229): CodeIgniter\View\View->CodeIgniter\View\{closure}()
 4 SYSTEMPATH\Common.php(1188): CodeIgniter\View\View->render('pages/buku/detail', [], true)
 5 APPPATH\Controllers\Buku.php(32): view('pages/buku/detail', [...])
 6 SYSTEMPATH\CodeIgniter.php(919): App\Controllers\Buku->detail('edit', '2')
 7 SYSTEMPATH\CodeIgniter.php(494): CodeIgniter\CodeIgniter->runController(Object(App\Controllers\Buku))
 8 SYSTEMPATH\CodeIgniter.php(353): CodeIgniter\CodeIgniter->handleRequest(null, Object(Config\Cache), false)
 9 FCPATH\index.php(79): CodeIgniter\CodeIgniter->run()
10 SYSTEMPATH\Commands\Server\rewrite.php(47): require_once('C:\\xampp\\htdocs\\pustaka-booking\\public\\index.php')
CRITICAL - 2023-10-27 06:43:28 --> Trying to access array offset on value of type null
in APPPATH\Views\pages\buku\detail.php on line 11.
 1 APPPATH\Views\pages\buku\detail.php(11): CodeIgniter\Debug\Exceptions->errorHandler(8, 'Trying to access array offset on value of type null', 'C:\\xampp\\htdocs\\pustaka-booking\\app\\Views\\pages\\buku\\detail.php', 11, [...])
 2 SYSTEMPATH\View\View.php(226): include('C:\\xampp\\htdocs\\pustaka-booking\\app\\Views\\pages\\buku\\detail.php')
 3 SYSTEMPATH\View\View.php(229): CodeIgniter\View\View->CodeIgniter\View\{closure}()
 4 SYSTEMPATH\Common.php(1188): CodeIgniter\View\View->render('pages/buku/detail', [], true)
 5 APPPATH\Controllers\Buku.php(32): view('pages/buku/detail', [...])
 6 SYSTEMPATH\CodeIgniter.php(919): App\Controllers\Buku->detail('edit', '2')
 7 SYSTEMPATH\CodeIgniter.php(494): CodeIgniter\CodeIgniter->runController(Object(App\Controllers\Buku))
 8 SYSTEMPATH\CodeIgniter.php(353): CodeIgniter\CodeIgniter->handleRequest(null, Object(Config\Cache), false)
 9 FCPATH\index.php(79): CodeIgniter\CodeIgniter->run()
10 SYSTEMPATH\Commands\Server\rewrite.php(47): require_once('C:\\xampp\\htdocs\\pustaka-booking\\public\\index.php')
INFO - 2023-10-27 06:43:33 --> Session: Class initialized using 'CodeIgniter\Session\Handlers\FileHandler' driver.
CRITICAL - 2023-10-27 06:43:38 --> Invalid file: "buku/edit.php"
in SYSTEMPATH\Exceptions\FrameworkException.php on line 39.
 1 SYSTEMPATH\View\View.php(214): CodeIgniter\Exceptions\FrameworkException::forInvalidFile('buku/edit.php')
 2 SYSTEMPATH\Common.php(1188): CodeIgniter\View\View->render('buku/edit', [], true)
 3 APPPATH\Controllers\Buku.php(117): view('buku/edit', [...])
 4 SYSTEMPATH\CodeIgniter.php(919): App\Controllers\Buku->edit('<')
 5 SYSTEMPATH\CodeIgniter.php(494): CodeIgniter\CodeIgniter->runController(Object(App\Controllers\Buku))
 6 SYSTEMPATH\CodeIgniter.php(353): CodeIgniter\CodeIgniter->handleRequest(null, Object(Config\Cache), false)
 7 FCPATH\index.php(79): CodeIgniter\CodeIgniter->run()
 8 SYSTEMPATH\Commands\Server\rewrite.php(47): require_once('C:\\xampp\\htdocs\\pustaka-booking\\public\\index.php')
CRITICAL - 2023-10-27 06:44:44 --> Invalid file: "buku/edit.php"
in SYSTEMPATH\Exceptions\FrameworkException.php on line 39.
 1 SYSTEMPATH\View\View.php(214): CodeIgniter\Exceptions\FrameworkException::forInvalidFile('buku/edit.php')
 2 SYSTEMPATH\Common.php(1188): CodeIgniter\View\View->render('buku/edit', [], true)
 3 APPPATH\Controllers\Buku.php(117): view('buku/edit', [...])
 4 SYSTEMPATH\CodeIgniter.php(919): App\Controllers\Buku->edit('<')
 5 SYSTEMPATH\CodeIgniter.php(494): CodeIgniter\CodeIgniter->runController(Object(App\Controllers\Buku))
 6 SYSTEMPATH\CodeIgniter.php(353): CodeIgniter\CodeIgniter->handleRequest(null, Object(Config\Cache), false)
 7 FCPATH\index.php(79): CodeIgniter\CodeIgniter->run()
 8 SYSTEMPATH\Commands\Server\rewrite.php(47): require_once('C:\\xampp\\htdocs\\pustaka-booking\\public\\index.php')
CRITICAL - 2023-10-27 06:44:45 --> Invalid file: "buku/edit.php"
in SYSTEMPATH\Exceptions\FrameworkException.php on line 39.
 1 SYSTEMPATH\View\View.php(214): CodeIgniter\Exceptions\FrameworkException::forInvalidFile('buku/edit.php')
 2 SYSTEMPATH\Common.php(1188): CodeIgniter\View\View->render('buku/edit', [], true)
 3 APPPATH\Controllers\Buku.php(117): view('buku/edit', [...])
 4 SYSTEMPATH\CodeIgniter.php(919): App\Controllers\Buku->edit('<')
 5 SYSTEMPATH\CodeIgniter.php(494): CodeIgniter\CodeIgniter->runController(Object(App\Controllers\Buku))
 6 SYSTEMPATH\CodeIgniter.php(353): CodeIgniter\CodeIgniter->handleRequest(null, Object(Config\Cache), false)
 7 FCPATH\index.php(79): CodeIgniter\CodeIgniter->run()
 8 SYSTEMPATH\Commands\Server\rewrite.php(47): require_once('C:\\xampp\\htdocs\\pustaka-booking\\public\\index.php')
CRITICAL - 2023-10-27 06:44:51 --> Invalid file: "buku/edit.php"
in SYSTEMPATH\Exceptions\FrameworkException.php on line 39.
 1 SYSTEMPATH\View\View.php(214): CodeIgniter\Exceptions\FrameworkException::forInvalidFile('buku/edit.php')
 2 SYSTEMPATH\Common.php(1188): CodeIgniter\View\View->render('buku/edit', [], true)
 3 APPPATH\Controllers\Buku.php(117): view('buku/edit', [...])
 4 SYSTEMPATH\CodeIgniter.php(919): App\Controllers\Buku->edit('<')
 5 SYSTEMPATH\CodeIgniter.php(494): CodeIgniter\CodeIgniter->runController(Object(App\Controllers\Buku))
 6 SYSTEMPATH\CodeIgniter.php(353): CodeIgniter\CodeIgniter->handleRequest(null, Object(Config\Cache), false)
 7 FCPATH\index.php(79): CodeIgniter\CodeIgniter->run()
 8 SYSTEMPATH\Commands\Server\rewrite.php(47): require_once('C:\\xampp\\htdocs\\pustaka-booking\\public\\index.php')
CRITICAL - 2023-10-27 08:26:52 --> Trying to access array offset on value of type null
in APPPATH\Views\pages\buku\detail.php on line 11.
 1 APPPATH\Views\pages\buku\detail.php(11): CodeIgniter\Debug\Exceptions->errorHandler(8, 'Trying to access array offset on value of type null', 'C:\\xampp\\htdocs\\pustaka-booking\\app\\Views\\pages\\buku\\detail.php', 11, [...])
 2 SYSTEMPATH\View\View.php(226): include('C:\\xampp\\htdocs\\pustaka-booking\\app\\Views\\pages\\buku\\detail.php')
 3 SYSTEMPATH\View\View.php(229): CodeIgniter\View\View->CodeIgniter\View\{closure}()
 4 SYSTEMPATH\Common.php(1188): CodeIgniter\View\View->render('pages/buku/detail', [], true)
 5 APPPATH\Controllers\Buku.php(32): view('pages/buku/detail', [...])
 6 SYSTEMPATH\CodeIgniter.php(919): App\Controllers\Buku->detail('edit', '2')
 7 SYSTEMPATH\CodeIgniter.php(494): CodeIgniter\CodeIgniter->runController(Object(App\Controllers\Buku))
 8 SYSTEMPATH\CodeIgniter.php(353): CodeIgniter\CodeIgniter->handleRequest(null, Object(Config\Cache), false)
 9 FCPATH\index.php(79): CodeIgniter\CodeIgniter->run()
10 SYSTEMPATH\Commands\Server\rewrite.php(47): require_once('C:\\xampp\\htdocs\\pustaka-booking\\public\\index.php')
INFO - 2023-10-27 08:27:06 --> Session: Class initialized using 'CodeIgniter\Session\Handlers\FileHandler' driver.
INFO - 2023-10-27 08:27:39 --> Session: Class initialized using 'CodeIgniter\Session\Handlers\FileHandler' driver.
CRITICAL - 2023-10-27 08:27:43 --> Trying to access array offset on value of type null
in APPPATH\Views\pages\buku\detail.php on line 11.
 1 APPPATH\Views\pages\buku\detail.php(11): CodeIgniter\Debug\Exceptions->errorHandler(8, 'Trying to access array offset on value of type null', 'C:\\xampp\\htdocs\\pustaka-booking\\app\\Views\\pages\\buku\\detail.php', 11, [...])
 2 SYSTEMPATH\View\View.php(226): include('C:\\xampp\\htdocs\\pustaka-booking\\app\\Views\\pages\\buku\\detail.php')
 3 SYSTEMPATH\View\View.php(229): CodeIgniter\View\View->CodeIgniter\View\{closure}()
 4 SYSTEMPATH\Common.php(1188): CodeIgniter\View\View->render('pages/buku/detail', [], true)
 5 APPPATH\Controllers\Buku.php(32): view('pages/buku/detail', [...])
 6 SYSTEMPATH\CodeIgniter.php(919): App\Controllers\Buku->detail('edit<')
 7 SYSTEMPATH\CodeIgniter.php(494): CodeIgniter\CodeIgniter->runController(Object(App\Controllers\Buku))
 8 SYSTEMPATH\CodeIgniter.php(353): CodeIgniter\CodeIgniter->handleRequest(null, Object(Config\Cache), false)
 9 FCPATH\index.php(79): CodeIgniter\CodeIgniter->run()
10 SYSTEMPATH\Commands\Server\rewrite.php(47): require_once('C:\\xampp\\htdocs\\pustaka-booking\\public\\index.php')
CRITICAL - 2023-10-27 08:28:12 --> Trying to access array offset on value of type null
in APPPATH\Views\pages\buku\detail.php on line 11.
 1 APPPATH\Views\pages\buku\detail.php(11): CodeIgniter\Debug\Exceptions->errorHandler(8, 'Trying to access array offset on value of type null', 'C:\\xampp\\htdocs\\pustaka-booking\\app\\Views\\pages\\buku\\detail.php', 11, [...])
 2 SYSTEMPATH\View\View.php(226): include('C:\\xampp\\htdocs\\pustaka-booking\\app\\Views\\pages\\buku\\detail.php')
 3 SYSTEMPATH\View\View.php(229): CodeIgniter\View\View->CodeIgniter\View\{closure}()
 4 SYSTEMPATH\Common.php(1188): CodeIgniter\View\View->render('pages/buku/detail', [], true)
 5 APPPATH\Controllers\Buku.php(32): view('pages/buku/detail', [...])
 6 SYSTEMPATH\CodeIgniter.php(919): App\Controllers\Buku->detail('edit<')
 7 SYSTEMPATH\CodeIgniter.php(494): CodeIgniter\CodeIgniter->runController(Object(App\Controllers\Buku))
 8 SYSTEMPATH\CodeIgniter.php(353): CodeIgniter\CodeIgniter->handleRequest(null, Object(Config\Cache), false)
 9 FCPATH\index.php(79): CodeIgniter\CodeIgniter->run()
10 SYSTEMPATH\Commands\Server\rewrite.php(47): require_once('C:\\xampp\\htdocs\\pustaka-booking\\public\\index.php')
CRITICAL - 2023-10-27 08:28:19 --> Too few arguments to function App\Controllers\Buku::edit(), 0 passed in C:\xampp\htdocs\pustaka-booking\system\CodeIgniter.php on line 919 and exactly 1 expected
in APPPATH\Controllers\Buku.php on line 110.
 1 SYSTEMPATH\CodeIgniter.php(919): App\Controllers\Buku->edit()
 2 SYSTEMPATH\CodeIgniter.php(494): CodeIgniter\CodeIgniter->runController(Object(App\Controllers\Buku))
 3 SYSTEMPATH\CodeIgniter.php(353): CodeIgniter\CodeIgniter->handleRequest(null, Object(Config\Cache), false)
 4 FCPATH\index.php(79): CodeIgniter\CodeIgniter->run()
 5 SYSTEMPATH\Commands\Server\rewrite.php(47): require_once('C:\\xampp\\htdocs\\pustaka-booking\\public\\index.php')
CRITICAL - 2023-10-27 08:28:54 --> Too few arguments to function App\Controllers\Buku::edit(), 0 passed in C:\xampp\htdocs\pustaka-booking\system\CodeIgniter.php on line 919 and exactly 1 expected
in APPPATH\Controllers\Buku.php on line 110.
 1 SYSTEMPATH\CodeIgniter.php(919): App\Controllers\Buku->edit()
 2 SYSTEMPATH\CodeIgniter.php(494): CodeIgniter\CodeIgniter->runController(Object(App\Controllers\Buku))
 3 SYSTEMPATH\CodeIgniter.php(353): CodeIgniter\CodeIgniter->handleRequest(null, Object(Config\Cache), false)
 4 FCPATH\index.php(79): CodeIgniter\CodeIgniter->run()
 5 SYSTEMPATH\Commands\Server\rewrite.php(47): require_once('C:\\xampp\\htdocs\\pustaka-booking\\public\\index.php')
CRITICAL - 2023-10-27 08:29:10 --> Too few arguments to function App\Controllers\Buku::edit(), 0 passed in C:\xampp\htdocs\pustaka-booking\system\CodeIgniter.php on line 919 and exactly 1 expected
in APPPATH\Controllers\Buku.php on line 110.
 1 SYSTEMPATH\CodeIgniter.php(919): App\Controllers\Buku->edit()
 2 SYSTEMPATH\CodeIgniter.php(494): CodeIgniter\CodeIgniter->runController(Object(App\Controllers\Buku))
 3 SYSTEMPATH\CodeIgniter.php(353): CodeIgniter\CodeIgniter->handleRequest(null, Object(Config\Cache), false)
 4 FCPATH\index.php(79): CodeIgniter\CodeIgniter->run()
 5 SYSTEMPATH\Commands\Server\rewrite.php(47): require_once('C:\\xampp\\htdocs\\pustaka-booking\\public\\index.php')
CRITICAL - 2023-10-27 08:29:11 --> Too few arguments to function App\Controllers\Buku::edit(), 0 passed in C:\xampp\htdocs\pustaka-booking\system\CodeIgniter.php on line 919 and exactly 1 expected
in APPPATH\Controllers\Buku.php on line 110.
 1 SYSTEMPATH\CodeIgniter.php(919): App\Controllers\Buku->edit()
 2 SYSTEMPATH\CodeIgniter.php(494): CodeIgniter\CodeIgniter->runController(Object(App\Controllers\Buku))
 3 SYSTEMPATH\CodeIgniter.php(353): CodeIgniter\CodeIgniter->handleRequest(null, Object(Config\Cache), false)
 4 FCPATH\index.php(79): CodeIgniter\CodeIgniter->run()
 5 SYSTEMPATH\Commands\Server\rewrite.php(47): require_once('C:\\xampp\\htdocs\\pustaka-booking\\public\\index.php')
CRITICAL - 2023-10-27 08:29:16 --> Too few arguments to function App\Controllers\Buku::edit(), 0 passed in C:\xampp\htdocs\pustaka-booking\system\CodeIgniter.php on line 919 and exactly 1 expected
in APPPATH\Controllers\Buku.php on line 110.
 1 SYSTEMPATH\CodeIgniter.php(919): App\Controllers\Buku->edit()
 2 SYSTEMPATH\CodeIgniter.php(494): CodeIgniter\CodeIgniter->runController(Object(App\Controllers\Buku))
 3 SYSTEMPATH\CodeIgniter.php(353): CodeIgniter\CodeIgniter->handleRequest(null, Object(Config\Cache), false)
 4 FCPATH\index.php(79): CodeIgniter\CodeIgniter->run()
 5 SYSTEMPATH\Commands\Server\rewrite.php(47): require_once('C:\\xampp\\htdocs\\pustaka-booking\\public\\index.php')
CRITICAL - 2023-10-27 08:29:33 --> Too few arguments to function App\Controllers\Buku::edit(), 0 passed in C:\xampp\htdocs\pustaka-booking\system\CodeIgniter.php on line 919 and exactly 1 expected
in APPPATH\Controllers\Buku.php on line 110.
 1 SYSTEMPATH\CodeIgniter.php(919): App\Controllers\Buku->edit()
 2 SYSTEMPATH\CodeIgniter.php(494): CodeIgniter\CodeIgniter->runController(Object(App\Controllers\Buku))
 3 SYSTEMPATH\CodeIgniter.php(353): CodeIgniter\CodeIgniter->handleRequest(null, Object(Config\Cache), false)
 4 FCPATH\index.php(79): CodeIgniter\CodeIgniter->run()
 5 SYSTEMPATH\Commands\Server\rewrite.php(47): require_once('C:\\xampp\\htdocs\\pustaka-booking\\public\\index.php')
CRITICAL - 2023-10-27 08:29:34 --> Too few arguments to function App\Controllers\Buku::edit(), 0 passed in C:\xampp\htdocs\pustaka-booking\system\CodeIgniter.php on line 919 and exactly 1 expected
in APPPATH\Controllers\Buku.php on line 110.
 1 SYSTEMPATH\CodeIgniter.php(919): App\Controllers\Buku->edit()
 2 SYSTEMPATH\CodeIgniter.php(494): CodeIgniter\CodeIgniter->runController(Object(App\Controllers\Buku))
 3 SYSTEMPATH\CodeIgniter.php(353): CodeIgniter\CodeIgniter->handleRequest(null, Object(Config\Cache), false)
 4 FCPATH\index.php(79): CodeIgniter\CodeIgniter->run()
 5 SYSTEMPATH\Commands\Server\rewrite.php(47): require_once('C:\\xampp\\htdocs\\pustaka-booking\\public\\index.php')
CRITICAL - 2023-10-27 08:30:00 --> Too few arguments to function App\Controllers\Buku::edit(), 0 passed in C:\xampp\htdocs\pustaka-booking\system\CodeIgniter.php on line 919 and exactly 1 expected
in APPPATH\Controllers\Buku.php on line 110.
 1 SYSTEMPATH\CodeIgniter.php(919): App\Controllers\Buku->edit()
 2 SYSTEMPATH\CodeIgniter.php(494): CodeIgniter\CodeIgniter->runController(Object(App\Controllers\Buku))
 3 SYSTEMPATH\CodeIgniter.php(353): CodeIgniter\CodeIgniter->handleRequest(null, Object(Config\Cache), false)
 4 FCPATH\index.php(79): CodeIgniter\CodeIgniter->run()
 5 SYSTEMPATH\Commands\Server\rewrite.php(47): require_once('C:\\xampp\\htdocs\\pustaka-booking\\public\\index.php')
CRITICAL - 2023-10-27 08:30:01 --> Too few arguments to function App\Controllers\Buku::edit(), 0 passed in C:\xampp\htdocs\pustaka-booking\system\CodeIgniter.php on line 919 and exactly 1 expected
in APPPATH\Controllers\Buku.php on line 110.
 1 SYSTEMPATH\CodeIgniter.php(919): App\Controllers\Buku->edit()
 2 SYSTEMPATH\CodeIgniter.php(494): CodeIgniter\CodeIgniter->runController(Object(App\Controllers\Buku))
 3 SYSTEMPATH\CodeIgniter.php(353): CodeIgniter\CodeIgniter->handleRequest(null, Object(Config\Cache), false)
 4 FCPATH\index.php(79): CodeIgniter\CodeIgniter->run()
 5 SYSTEMPATH\Commands\Server\rewrite.php(47): require_once('C:\\xampp\\htdocs\\pustaka-booking\\public\\index.php')
CRITICAL - 2023-10-27 08:30:02 --> Too few arguments to function App\Controllers\Buku::edit(), 0 passed in C:\xampp\htdocs\pustaka-booking\system\CodeIgniter.php on line 919 and exactly 1 expected
in APPPATH\Controllers\Buku.php on line 110.
 1 SYSTEMPATH\CodeIgniter.php(919): App\Controllers\Buku->edit()
 2 SYSTEMPATH\CodeIgniter.php(494): CodeIgniter\CodeIgniter->runController(Object(App\Controllers\Buku))
 3 SYSTEMPATH\CodeIgniter.php(353): CodeIgniter\CodeIgniter->handleRequest(null, Object(Config\Cache), false)
 4 FCPATH\index.php(79): CodeIgniter\CodeIgniter->run()
 5 SYSTEMPATH\Commands\Server\rewrite.php(47): require_once('C:\\xampp\\htdocs\\pustaka-booking\\public\\index.php')
CRITICAL - 2023-10-27 08:30:03 --> Too few arguments to function App\Controllers\Buku::edit(), 0 passed in C:\xampp\htdocs\pustaka-booking\system\CodeIgniter.php on line 919 and exactly 1 expected
in APPPATH\Controllers\Buku.php on line 110.
 1 SYSTEMPATH\CodeIgniter.php(919): App\Controllers\Buku->edit()
 2 SYSTEMPATH\CodeIgniter.php(494): CodeIgniter\CodeIgniter->runController(Object(App\Controllers\Buku))
 3 SYSTEMPATH\CodeIgniter.php(353): CodeIgniter\CodeIgniter->handleRequest(null, Object(Config\Cache), false)
 4 FCPATH\index.php(79): CodeIgniter\CodeIgniter->run()
 5 SYSTEMPATH\Commands\Server\rewrite.php(47): require_once('C:\\xampp\\htdocs\\pustaka-booking\\public\\index.php')
CRITICAL - 2023-10-27 08:30:14 --> Trying to access array offset on value of type null
in APPPATH\Views\pages\buku\detail.php on line 11.
 1 APPPATH\Views\pages\buku\detail.php(11): CodeIgniter\Debug\Exceptions->errorHandler(8, 'Trying to access array offset on value of type null', 'C:\\xampp\\htdocs\\pustaka-booking\\app\\Views\\pages\\buku\\detail.php', 11, [...])
 2 SYSTEMPATH\View\View.php(226): include('C:\\xampp\\htdocs\\pustaka-booking\\app\\Views\\pages\\buku\\detail.php')
 3 SYSTEMPATH\View\View.php(229): CodeIgniter\View\View->CodeIgniter\View\{closure}()
 4 SYSTEMPATH\Common.php(1188): CodeIgniter\View\View->render('pages/buku/detail', [], true)
 5 APPPATH\Controllers\Buku.php(32): view('pages/buku/detail', [...])
 6 SYSTEMPATH\CodeIgniter.php(919): App\Controllers\Buku->detail('edit', '1')
 7 SYSTEMPATH\CodeIgniter.php(494): CodeIgniter\CodeIgniter->runController(Object(App\Controllers\Buku))
 8 SYSTEMPATH\CodeIgniter.php(353): CodeIgniter\CodeIgniter->handleRequest(null, Object(Config\Cache), false)
 9 FCPATH\index.php(79): CodeIgniter\CodeIgniter->run()
10 SYSTEMPATH\Commands\Server\rewrite.php(47): require_once('C:\\xampp\\htdocs\\pustaka-booking\\public\\index.php')
CRITICAL - 2023-10-27 08:30:34 --> Trying to access array offset on value of type null
in APPPATH\Views\pages\buku\detail.php on line 11.
 1 APPPATH\Views\pages\buku\detail.php(11): CodeIgniter\Debug\Exceptions->errorHandler(8, 'Trying to access array offset on value of type null', 'C:\\xampp\\htdocs\\pustaka-booking\\app\\Views\\pages\\buku\\detail.php', 11, [...])
 2 SYSTEMPATH\View\View.php(226): include('C:\\xampp\\htdocs\\pustaka-booking\\app\\Views\\pages\\buku\\detail.php')
 3 SYSTEMPATH\View\View.php(229): CodeIgniter\View\View->CodeIgniter\View\{closure}()
 4 SYSTEMPATH\Common.php(1188): CodeIgniter\View\View->render('pages/buku/detail', [], true)
 5 APPPATH\Controllers\Buku.php(32): view('pages/buku/detail', [...])
 6 SYSTEMPATH\CodeIgniter.php(919): App\Controllers\Buku->detail('edit', '1')
 7 SYSTEMPATH\CodeIgniter.php(494): CodeIgniter\CodeIgniter->runController(Object(App\Controllers\Buku))
 8 SYSTEMPATH\CodeIgniter.php(353): CodeIgniter\CodeIgniter->handleRequest(null, Object(Config\Cache), false)
 9 FCPATH\index.php(79): CodeIgniter\CodeIgniter->run()
10 SYSTEMPATH\Commands\Server\rewrite.php(47): require_once('C:\\xampp\\htdocs\\pustaka-booking\\public\\index.php')
CRITICAL - 2023-10-27 08:30:35 --> Trying to access array offset on value of type null
in APPPATH\Views\pages\buku\detail.php on line 11.
 1 APPPATH\Views\pages\buku\detail.php(11): CodeIgniter\Debug\Exceptions->errorHandler(8, 'Trying to access array offset on value of type null', 'C:\\xampp\\htdocs\\pustaka-booking\\app\\Views\\pages\\buku\\detail.php', 11, [...])
 2 SYSTEMPATH\View\View.php(226): include('C:\\xampp\\htdocs\\pustaka-booking\\app\\Views\\pages\\buku\\detail.php')
 3 SYSTEMPATH\View\View.php(229): CodeIgniter\View\View->CodeIgniter\View\{closure}()
 4 SYSTEMPATH\Common.php(1188): CodeIgniter\View\View->render('pages/buku/detail', [], true)
 5 APPPATH\Controllers\Buku.php(32): view('pages/buku/detail', [...])
 6 SYSTEMPATH\CodeIgniter.php(919): App\Controllers\Buku->detail('edit', '1')
 7 SYSTEMPATH\CodeIgniter.php(494): CodeIgniter\CodeIgniter->runController(Object(App\Controllers\Buku))
 8 SYSTEMPATH\CodeIgniter.php(353): CodeIgniter\CodeIgniter->handleRequest(null, Object(Config\Cache), false)
 9 FCPATH\index.php(79): CodeIgniter\CodeIgniter->run()
10 SYSTEMPATH\Commands\Server\rewrite.php(47): require_once('C:\\xampp\\htdocs\\pustaka-booking\\public\\index.php')
CRITICAL - 2023-10-27 08:31:32 --> Trying to access array offset on value of type null
in APPPATH\Views\pages\buku\detail.php on line 11.
 1 APPPATH\Views\pages\buku\detail.php(11): CodeIgniter\Debug\Exceptions->errorHandler(8, 'Trying to access array offset on value of type null', 'C:\\xampp\\htdocs\\pustaka-booking\\app\\Views\\pages\\buku\\detail.php', 11, [...])
 2 SYSTEMPATH\View\View.php(226): include('C:\\xampp\\htdocs\\pustaka-booking\\app\\Views\\pages\\buku\\detail.php')
 3 SYSTEMPATH\View\View.php(229): CodeIgniter\View\View->CodeIgniter\View\{closure}()
 4 SYSTEMPATH\Common.php(1188): CodeIgniter\View\View->render('pages/buku/detail', [], true)
 5 APPPATH\Controllers\Buku.php(32): view('pages/buku/detail', [...])
 6 SYSTEMPATH\CodeIgniter.php(919): App\Controllers\Buku->detail('edit', '1')
 7 SYSTEMPATH\CodeIgniter.php(494): CodeIgniter\CodeIgniter->runController(Object(App\Controllers\Buku))
 8 SYSTEMPATH\CodeIgniter.php(353): CodeIgniter\CodeIgniter->handleRequest(null, Object(Config\Cache), false)
 9 FCPATH\index.php(79): CodeIgniter\CodeIgniter->run()
10 SYSTEMPATH\Commands\Server\rewrite.php(47): require_once('C:\\xampp\\htdocs\\pustaka-booking\\public\\index.php')
CRITICAL - 2023-10-27 08:34:43 --> Trying to access array offset on value of type null
in APPPATH\Views\pages\buku\detail.php on line 11.
 1 APPPATH\Views\pages\buku\detail.php(11): CodeIgniter\Debug\Exceptions->errorHandler(8, 'Trying to access array offset on value of type null', 'C:\\xampp\\htdocs\\pustaka-booking\\app\\Views\\pages\\buku\\detail.php', 11, [...])
 2 SYSTEMPATH\View\View.php(226): include('C:\\xampp\\htdocs\\pustaka-booking\\app\\Views\\pages\\buku\\detail.php')
 3 SYSTEMPATH\View\View.php(229): CodeIgniter\View\View->CodeIgniter\View\{closure}()
 4 SYSTEMPATH\Common.php(1188): CodeIgniter\View\View->render('pages/buku/detail', [], true)
 5 APPPATH\Controllers\Buku.php(32): view('pages/buku/detail', [...])
 6 SYSTEMPATH\CodeIgniter.php(919): App\Controllers\Buku->detail('edit', '1')
 7 SYSTEMPATH\CodeIgniter.php(494): CodeIgniter\CodeIgniter->runController(Object(App\Controllers\Buku))
 8 SYSTEMPATH\CodeIgniter.php(353): CodeIgniter\CodeIgniter->handleRequest(null, Object(Config\Cache), false)
 9 FCPATH\index.php(79): CodeIgniter\CodeIgniter->run()
10 SYSTEMPATH\Commands\Server\rewrite.php(47): require_once('C:\\xampp\\htdocs\\pustaka-booking\\public\\index.php')
CRITICAL - 2023-10-27 08:35:51 --> Trying to access array offset on value of type null
in APPPATH\Views\pages\buku\detail.php on line 11.
 1 APPPATH\Views\pages\buku\detail.php(11): CodeIgniter\Debug\Exceptions->errorHandler(8, 'Trying to access array offset on value of type null', 'C:\\xampp\\htdocs\\pustaka-booking\\app\\Views\\pages\\buku\\detail.php', 11, [...])
 2 SYSTEMPATH\View\View.php(226): include('C:\\xampp\\htdocs\\pustaka-booking\\app\\Views\\pages\\buku\\detail.php')
 3 SYSTEMPATH\View\View.php(229): CodeIgniter\View\View->CodeIgniter\View\{closure}()
 4 SYSTEMPATH\Common.php(1188): CodeIgniter\View\View->render('pages/buku/detail', [], true)
 5 APPPATH\Controllers\Buku.php(32): view('pages/buku/detail', [...])
 6 SYSTEMPATH\CodeIgniter.php(919): App\Controllers\Buku->detail('edit', '1')
 7 SYSTEMPATH\CodeIgniter.php(494): CodeIgniter\CodeIgniter->runController(Object(App\Controllers\Buku))
 8 SYSTEMPATH\CodeIgniter.php(353): CodeIgniter\CodeIgniter->handleRequest(null, Object(Config\Cache), false)
 9 FCPATH\index.php(79): CodeIgniter\CodeIgniter->run()
10 SYSTEMPATH\Commands\Server\rewrite.php(47): require_once('C:\\xampp\\htdocs\\pustaka-booking\\public\\index.php')
CRITICAL - 2023-10-27 08:35:52 --> Trying to access array offset on value of type null
in APPPATH\Views\pages\buku\detail.php on line 11.
 1 APPPATH\Views\pages\buku\detail.php(11): CodeIgniter\Debug\Exceptions->errorHandler(8, 'Trying to access array offset on value of type null', 'C:\\xampp\\htdocs\\pustaka-booking\\app\\Views\\pages\\buku\\detail.php', 11, [...])
 2 SYSTEMPATH\View\View.php(226): include('C:\\xampp\\htdocs\\pustaka-booking\\app\\Views\\pages\\buku\\detail.php')
 3 SYSTEMPATH\View\View.php(229): CodeIgniter\View\View->CodeIgniter\View\{closure}()
 4 SYSTEMPATH\Common.php(1188): CodeIgniter\View\View->render('pages/buku/detail', [], true)
 5 APPPATH\Controllers\Buku.php(32): view('pages/buku/detail', [...])
 6 SYSTEMPATH\CodeIgniter.php(919): App\Controllers\Buku->detail('edit', '1')
 7 SYSTEMPATH\CodeIgniter.php(494): CodeIgniter\CodeIgniter->runController(Object(App\Controllers\Buku))
 8 SYSTEMPATH\CodeIgniter.php(353): CodeIgniter\CodeIgniter->handleRequest(null, Object(Config\Cache), false)
 9 FCPATH\index.php(79): CodeIgniter\CodeIgniter->run()
10 SYSTEMPATH\Commands\Server\rewrite.php(47): require_once('C:\\xampp\\htdocs\\pustaka-booking\\public\\index.php')
CRITICAL - 2023-10-27 08:35:52 --> Trying to access array offset on value of type null
in APPPATH\Views\pages\buku\detail.php on line 11.
 1 APPPATH\Views\pages\buku\detail.php(11): CodeIgniter\Debug\Exceptions->errorHandler(8, 'Trying to access array offset on value of type null', 'C:\\xampp\\htdocs\\pustaka-booking\\app\\Views\\pages\\buku\\detail.php', 11, [...])
 2 SYSTEMPATH\View\View.php(226): include('C:\\xampp\\htdocs\\pustaka-booking\\app\\Views\\pages\\buku\\detail.php')
 3 SYSTEMPATH\View\View.php(229): CodeIgniter\View\View->CodeIgniter\View\{closure}()
 4 SYSTEMPATH\Common.php(1188): CodeIgniter\View\View->render('pages/buku/detail', [], true)
 5 APPPATH\Controllers\Buku.php(32): view('pages/buku/detail', [...])
 6 SYSTEMPATH\CodeIgniter.php(919): App\Controllers\Buku->detail('edit', '1')
 7 SYSTEMPATH\CodeIgniter.php(494): CodeIgniter\CodeIgniter->runController(Object(App\Controllers\Buku))
 8 SYSTEMPATH\CodeIgniter.php(353): CodeIgniter\CodeIgniter->handleRequest(null, Object(Config\Cache), false)
 9 FCPATH\index.php(79): CodeIgniter\CodeIgniter->run()
10 SYSTEMPATH\Commands\Server\rewrite.php(47): require_once('C:\\xampp\\htdocs\\pustaka-booking\\public\\index.php')
CRITICAL - 2023-10-27 08:35:53 --> Trying to access array offset on value of type null
in APPPATH\Views\pages\buku\detail.php on line 11.
 1 APPPATH\Views\pages\buku\detail.php(11): CodeIgniter\Debug\Exceptions->errorHandler(8, 'Trying to access array offset on value of type null', 'C:\\xampp\\htdocs\\pustaka-booking\\app\\Views\\pages\\buku\\detail.php', 11, [...])
 2 SYSTEMPATH\View\View.php(226): include('C:\\xampp\\htdocs\\pustaka-booking\\app\\Views\\pages\\buku\\detail.php')
 3 SYSTEMPATH\View\View.php(229): CodeIgniter\View\View->CodeIgniter\View\{closure}()
 4 SYSTEMPATH\Common.php(1188): CodeIgniter\View\View->render('pages/buku/detail', [], true)
 5 APPPATH\Controllers\Buku.php(32): view('pages/buku/detail', [...])
 6 SYSTEMPATH\CodeIgniter.php(919): App\Controllers\Buku->detail('edit', '1')
 7 SYSTEMPATH\CodeIgniter.php(494): CodeIgniter\CodeIgniter->runController(Object(App\Controllers\Buku))
 8 SYSTEMPATH\CodeIgniter.php(353): CodeIgniter\CodeIgniter->handleRequest(null, Object(Config\Cache), false)
 9 FCPATH\index.php(79): CodeIgniter\CodeIgniter->run()
10 SYSTEMPATH\Commands\Server\rewrite.php(47): require_once('C:\\xampp\\htdocs\\pustaka-booking\\public\\index.php')
INFO - 2023-10-27 09:30:25 --> Session: Class initialized using 'CodeIgniter\Session\Handlers\FileHandler' driver.
INFO - 2023-10-27 09:30:26 --> Session: Class initialized using 'CodeIgniter\Session\Handlers\FileHandler' driver.
INFO - 2023-10-27 09:42:59 --> Session: Class initialized using 'CodeIgniter\Session\Handlers\FileHandler' driver.
INFO - 2023-10-27 09:43:01 --> Session: Class initialized using 'CodeIgniter\Session\Handlers\FileHandler' driver.
INFO - 2023-10-27 09:43:03 --> Session: Class initialized using 'CodeIgniter\Session\Handlers\FileHandler' driver.
INFO - 2023-10-27 09:43:08 --> Session: Class initialized using 'CodeIgniter\Session\Handlers\FileHandler' driver.
INFO - 2023-10-27 09:43:32 --> Session: Class initialized using 'CodeIgniter\Session\Handlers\FileHandler' driver.
INFO - 2023-10-27 09:43:33 --> Session: Class initialized using 'CodeIgniter\Session\Handlers\FileHandler' driver.
CRITICAL - 2023-10-27 09:48:01 --> Undefined index: idbuku
in APPPATH\Views\pages\buku\edit.php on line 9.
 1 APPPATH\Views\pages\buku\edit.php(9): CodeIgniter\Debug\Exceptions->errorHandler(8, 'Undefined index: idbuku', 'C:\\xampp\\htdocs\\pustaka-booking\\app\\Views\\pages\\buku\\edit.php', 9, [...])
 2 SYSTEMPATH\View\View.php(226): include('C:\\xampp\\htdocs\\pustaka-booking\\app\\Views\\pages\\buku\\edit.php')
 3 SYSTEMPATH\View\View.php(229): CodeIgniter\View\View->CodeIgniter\View\{closure}()
 4 SYSTEMPATH\Common.php(1188): CodeIgniter\View\View->render('pages/buku/edit', [], true)
 5 APPPATH\Controllers\Buku.php(117): view('pages/buku/edit', [...])
 6 SYSTEMPATH\CodeIgniter.php(919): App\Controllers\Buku->edit('12')
 7 SYSTEMPATH\CodeIgniter.php(494): CodeIgniter\CodeIgniter->runController(Object(App\Controllers\Buku))
 8 SYSTEMPATH\CodeIgniter.php(353): CodeIgniter\CodeIgniter->handleRequest(null, Object(Config\Cache), false)
 9 FCPATH\index.php(79): CodeIgniter\CodeIgniter->run()
10 SYSTEMPATH\Commands\Server\rewrite.php(47): require_once('C:\\xampp\\htdocs\\pustaka-booking\\public\\index.php')
CRITICAL - 2023-10-27 09:48:31 --> Undefined index: id
in APPPATH\Views\pages\buku\edit.php on line 7.
 1 APPPATH\Views\pages\buku\edit.php(7): CodeIgniter\Debug\Exceptions->errorHandler(8, 'Undefined index: id', 'C:\\xampp\\htdocs\\pustaka-booking\\app\\Views\\pages\\buku\\edit.php', 7, [...])
 2 SYSTEMPATH\View\View.php(226): include('C:\\xampp\\htdocs\\pustaka-booking\\app\\Views\\pages\\buku\\edit.php')
 3 SYSTEMPATH\View\View.php(229): CodeIgniter\View\View->CodeIgniter\View\{closure}()
 4 SYSTEMPATH\Common.php(1188): CodeIgniter\View\View->render('pages/buku/edit', [], true)
 5 APPPATH\Controllers\Buku.php(117): view('pages/buku/edit', [...])
 6 SYSTEMPATH\CodeIgniter.php(919): App\Controllers\Buku->edit('12')
 7 SYSTEMPATH\CodeIgniter.php(494): CodeIgniter\CodeIgniter->runController(Object(App\Controllers\Buku))
 8 SYSTEMPATH\CodeIgniter.php(353): CodeIgniter\CodeIgniter->handleRequest(null, Object(Config\Cache), false)
 9 FCPATH\index.php(79): CodeIgniter\CodeIgniter->run()
10 SYSTEMPATH\Commands\Server\rewrite.php(47): require_once('C:\\xampp\\htdocs\\pustaka-booking\\public\\index.php')
CRITICAL - 2023-10-27 09:48:33 --> Undefined index: id
in APPPATH\Views\pages\buku\edit.php on line 7.
 1 APPPATH\Views\pages\buku\edit.php(7): CodeIgniter\Debug\Exceptions->errorHandler(8, 'Undefined index: id', 'C:\\xampp\\htdocs\\pustaka-booking\\app\\Views\\pages\\buku\\edit.php', 7, [...])
 2 SYSTEMPATH\View\View.php(226): include('C:\\xampp\\htdocs\\pustaka-booking\\app\\Views\\pages\\buku\\edit.php')
 3 SYSTEMPATH\View\View.php(229): CodeIgniter\View\View->CodeIgniter\View\{closure}()
 4 SYSTEMPATH\Common.php(1188): CodeIgniter\View\View->render('pages/buku/edit', [], true)
 5 APPPATH\Controllers\Buku.php(117): view('pages/buku/edit', [...])
 6 SYSTEMPATH\CodeIgniter.php(919): App\Controllers\Buku->edit('12')
 7 SYSTEMPATH\CodeIgniter.php(494): CodeIgniter\CodeIgniter->runController(Object(App\Controllers\Buku))
 8 SYSTEMPATH\CodeIgniter.php(353): CodeIgniter\CodeIgniter->handleRequest(null, Object(Config\Cache), false)
 9 FCPATH\index.php(79): CodeIgniter\CodeIgniter->run()
10 SYSTEMPATH\Commands\Server\rewrite.php(47): require_once('C:\\xampp\\htdocs\\pustaka-booking\\public\\index.php')
CRITICAL - 2023-10-27 09:48:38 --> Undefined index: id
in APPPATH\Views\pages\buku\edit.php on line 7.
 1 APPPATH\Views\pages\buku\edit.php(7): CodeIgniter\Debug\Exceptions->errorHandler(8, 'Undefined index: id', 'C:\\xampp\\htdocs\\pustaka-booking\\app\\Views\\pages\\buku\\edit.php', 7, [...])
 2 SYSTEMPATH\View\View.php(226): include('C:\\xampp\\htdocs\\pustaka-booking\\app\\Views\\pages\\buku\\edit.php')
 3 SYSTEMPATH\View\View.php(229): CodeIgniter\View\View->CodeIgniter\View\{closure}()
 4 SYSTEMPATH\Common.php(1188): CodeIgniter\View\View->render('pages/buku/edit', [], true)
 5 APPPATH\Controllers\Buku.php(117): view('pages/buku/edit', [...])
 6 SYSTEMPATH\CodeIgniter.php(919): App\Controllers\Buku->edit('12')
 7 SYSTEMPATH\CodeIgniter.php(494): CodeIgniter\CodeIgniter->runController(Object(App\Controllers\Buku))
 8 SYSTEMPATH\CodeIgniter.php(353): CodeIgniter\CodeIgniter->handleRequest(null, Object(Config\Cache), false)
 9 FCPATH\index.php(79): CodeIgniter\CodeIgniter->run()
10 SYSTEMPATH\Commands\Server\rewrite.php(47): require_once('C:\\xampp\\htdocs\\pustaka-booking\\public\\index.php')
CRITICAL - 2023-10-27 09:48:46 --> Undefined index: id
in APPPATH\Views\pages\buku\edit.php on line 7.
 1 APPPATH\Views\pages\buku\edit.php(7): CodeIgniter\Debug\Exceptions->errorHandler(8, 'Undefined index: id', 'C:\\xampp\\htdocs\\pustaka-booking\\app\\Views\\pages\\buku\\edit.php', 7, [...])
 2 SYSTEMPATH\View\View.php(226): include('C:\\xampp\\htdocs\\pustaka-booking\\app\\Views\\pages\\buku\\edit.php')
 3 SYSTEMPATH\View\View.php(229): CodeIgniter\View\View->CodeIgniter\View\{closure}()
 4 SYSTEMPATH\Common.php(1188): CodeIgniter\View\View->render('pages/buku/edit', [], true)
 5 APPPATH\Controllers\Buku.php(117): view('pages/buku/edit', [...])
 6 SYSTEMPATH\CodeIgniter.php(919): App\Controllers\Buku->edit('12')
 7 SYSTEMPATH\CodeIgniter.php(494): CodeIgniter\CodeIgniter->runController(Object(App\Controllers\Buku))
 8 SYSTEMPATH\CodeIgniter.php(353): CodeIgniter\CodeIgniter->handleRequest(null, Object(Config\Cache), false)
 9 FCPATH\index.php(79): CodeIgniter\CodeIgniter->run()
10 SYSTEMPATH\Commands\Server\rewrite.php(47): require_once('C:\\xampp\\htdocs\\pustaka-booking\\public\\index.php')
CRITICAL - 2023-10-27 09:49:06 --> Undefined index: idbuku
in APPPATH\Views\pages\buku\edit.php on line 9.
 1 APPPATH\Views\pages\buku\edit.php(9): CodeIgniter\Debug\Exceptions->errorHandler(8, 'Undefined index: idbuku', 'C:\\xampp\\htdocs\\pustaka-booking\\app\\Views\\pages\\buku\\edit.php', 9, [...])
 2 SYSTEMPATH\View\View.php(226): include('C:\\xampp\\htdocs\\pustaka-booking\\app\\Views\\pages\\buku\\edit.php')
 3 SYSTEMPATH\View\View.php(229): CodeIgniter\View\View->CodeIgniter\View\{closure}()
 4 SYSTEMPATH\Common.php(1188): CodeIgniter\View\View->render('pages/buku/edit', [], true)
 5 APPPATH\Controllers\Buku.php(117): view('pages/buku/edit', [...])
 6 SYSTEMPATH\CodeIgniter.php(919): App\Controllers\Buku->edit('12')
 7 SYSTEMPATH\CodeIgniter.php(494): CodeIgniter\CodeIgniter->runController(Object(App\Controllers\Buku))
 8 SYSTEMPATH\CodeIgniter.php(353): CodeIgniter\CodeIgniter->handleRequest(null, Object(Config\Cache), false)
 9 FCPATH\index.php(79): CodeIgniter\CodeIgniter->run()
10 SYSTEMPATH\Commands\Server\rewrite.php(47): require_once('C:\\xampp\\htdocs\\pustaka-booking\\public\\index.php')
CRITICAL - 2023-10-27 09:49:10 --> Undefined index: idbuku
in APPPATH\Views\pages\buku\edit.php on line 9.
 1 APPPATH\Views\pages\buku\edit.php(9): CodeIgniter\Debug\Exceptions->errorHandler(8, 'Undefined index: idbuku', 'C:\\xampp\\htdocs\\pustaka-booking\\app\\Views\\pages\\buku\\edit.php', 9, [...])
 2 SYSTEMPATH\View\View.php(226): include('C:\\xampp\\htdocs\\pustaka-booking\\app\\Views\\pages\\buku\\edit.php')
 3 SYSTEMPATH\View\View.php(229): CodeIgniter\View\View->CodeIgniter\View\{closure}()
 4 SYSTEMPATH\Common.php(1188): CodeIgniter\View\View->render('pages/buku/edit', [], true)
 5 APPPATH\Controllers\Buku.php(117): view('pages/buku/edit', [...])
 6 SYSTEMPATH\CodeIgniter.php(919): App\Controllers\Buku->edit('12')
 7 SYSTEMPATH\CodeIgniter.php(494): CodeIgniter\CodeIgniter->runController(Object(App\Controllers\Buku))
 8 SYSTEMPATH\CodeIgniter.php(353): CodeIgniter\CodeIgniter->handleRequest(null, Object(Config\Cache), false)
 9 FCPATH\index.php(79): CodeIgniter\CodeIgniter->run()
10 SYSTEMPATH\Commands\Server\rewrite.php(47): require_once('C:\\xampp\\htdocs\\pustaka-booking\\public\\index.php')
CRITICAL - 2023-10-27 09:58:17 --> Undefined index: id
in APPPATH\Views\pages\buku\edit.php on line 7.
 1 APPPATH\Views\pages\buku\edit.php(7): CodeIgniter\Debug\Exceptions->errorHandler(8, 'Undefined index: id', 'C:\\xampp\\htdocs\\pustaka-booking\\app\\Views\\pages\\buku\\edit.php', 7, [...])
 2 SYSTEMPATH\View\View.php(226): include('C:\\xampp\\htdocs\\pustaka-booking\\app\\Views\\pages\\buku\\edit.php')
 3 SYSTEMPATH\View\View.php(229): CodeIgniter\View\View->CodeIgniter\View\{closure}()
 4 SYSTEMPATH\Common.php(1188): CodeIgniter\View\View->render('pages/buku/edit', [], true)
 5 APPPATH\Controllers\Buku.php(117): view('pages/buku/edit', [...])
 6 SYSTEMPATH\CodeIgniter.php(919): App\Controllers\Buku->edit('12')
 7 SYSTEMPATH\CodeIgniter.php(494): CodeIgniter\CodeIgniter->runController(Object(App\Controllers\Buku))
 8 SYSTEMPATH\CodeIgniter.php(353): CodeIgniter\CodeIgniter->handleRequest(null, Object(Config\Cache), false)
 9 FCPATH\index.php(79): CodeIgniter\CodeIgniter->run()
10 SYSTEMPATH\Commands\Server\rewrite.php(47): require_once('C:\\xampp\\htdocs\\pustaka-booking\\public\\index.php')
